2020-06-09 21:10:14-main--INFO -com.demoworkshop.qa.TestBase:Navigating to browser : http://demowebshop.tricentis.com/
 2020-06-09 21:10:21-main--INFO -com.demoworkshop.qa.TestBase:Clicking on Books Link
 2020-06-09 21:15:14-main--INFO -com.demoworkshop.qa.TestBase:Navigating to browser : http://demowebshop.tricentis.com/
 2020-06-09 21:15:20-main--INFO -com.demoworkshop.qa.TestBase:Clicking on Books Link
 2020-06-09 21:15:21-main--INFO -com.demoworkshop.qa.TestBase:Verifying the Electronics page is displayed
 2020-06-09 21:15:21-main--INFO -com.demoworkshop.qa.TestBase:Selecting product position by it index value  
 2020-06-09 21:15:23-main--INFO -com.demoworkshop.qa.TestBase:Selecting display size of product
 2020-06-09 21:15:25-main--INFO -com.demoworkshop.qa.TestBase:Selecting view of products 
 2020-06-09 21:15:26-main--INFO -com.demoworkshop.qa.TestBase:Selecting Computing and Internet Book 
 2020-06-09 21:15:27-main--INFO -com.demoworkshop.qa.TestBase:Adding Quantity of Computing and Internet Book 
 2020-06-09 21:15:31-main--INFO -com.demoworkshop.qa.TestBase:Navigating back to Book page 
 2020-06-09 21:15:32-main--INFO -com.demoworkshop.qa.TestBase:Clicking on Books Link
 2020-06-09 21:15:33-main--INFO -com.demoworkshop.qa.TestBase:Adding Quantity of Computing and Internet Book 
 2020-06-09 21:15:36-main--INFO -com.demoworkshop.qa.TestBase:Navigating back to Book page 
 2020-06-09 21:15:36-main--INFO -com.demoworkshop.qa.TestBase:adding Health Book to cart
 2020-06-09 21:15:37-main--INFO -com.demoworkshop.qa.TestBase:Adding Quantity of Computing and Internet Book 
 2020-06-09 21:15:41-main--INFO -com.demoworkshop.qa.TestBase:Navigating back to Book page 
 2020-06-09 21:15:41-main--INFO -com.demoworkshop.qa.TestBase:adding Science Book to cart
 2020-06-09 21:15:42-main--INFO -com.demoworkshop.qa.TestBase:Adding Quantity of Computing and Internet Book 
 2020-06-09 21:19:34-main--INFO -com.demoworkshop.qa.TestBase:Navigating to browser : http://demowebshop.tricentis.com/
 2020-06-09 21:19:39-main--INFO -com.demoworkshop.qa.TestBase:Clicking on Books Link
 2020-06-09 21:19:40-main--INFO -com.demoworkshop.qa.TestBase:Verifying the Electronics page is displayed
 2020-06-09 21:19:41-main--INFO -com.demoworkshop.qa.TestBase:Electronics page is displayed with expected :Books is matched with Actual value : Books
 2020-06-09 21:19:41-main--INFO -com.demoworkshop.qa.TestBase:Selecting product position by it index value  
 2020-06-09 21:19:42-main--INFO -com.demoworkshop.qa.TestBase:Selecting display size of product
 2020-06-09 21:19:43-main--INFO -com.demoworkshop.qa.TestBase:Selecting view of products 
 2020-06-09 21:19:44-main--INFO -com.demoworkshop.qa.TestBase:Selecting Computing and Internet Book 
 2020-06-09 21:19:45-main--INFO -com.demoworkshop.qa.TestBase:Adding Quantity of Computing and Internet Book 
 2020-06-09 21:19:49-main--INFO -com.demoworkshop.qa.TestBase:Navigating back to Book page 
 2020-06-09 21:19:49-main--INFO -com.demoworkshop.qa.TestBase:Clicking on Books Link
 2020-06-09 21:19:49-main--INFO -com.demoworkshop.qa.TestBase:Adding Quantity of Computing and Internet Book 
 2020-06-09 21:19:52-main--INFO -com.demoworkshop.qa.TestBase:Navigating back to Book page 
 2020-06-09 21:19:52-main--INFO -com.demoworkshop.qa.TestBase:adding Health Book to cart
 2020-06-09 21:19:52-main--INFO -com.demoworkshop.qa.TestBase:Adding Quantity of Computing and Internet Book 
 2020-06-09 21:19:54-main--INFO -com.demoworkshop.qa.TestBase:Navigating back to Book page 
 2020-06-09 21:19:54-main--INFO -com.demoworkshop.qa.TestBase:adding Science Book to cart
 2020-06-09 21:19:55-main--INFO -com.demoworkshop.qa.TestBase:Adding Quantity of Computing and Internet Book 
 2020-06-09 21:35:05-main--INFO -com.demoworkshop.qa.TestBase:Navigating to browser : http://demowebshop.tricentis.com/
 2020-06-09 21:46:16-main--INFO -com.demoworkshop.qa.TestBase:Navigating to browser : http://demowebshop.tricentis.com/
 2020-06-09 21:48:21-main--INFO -com.demoworkshop.qa.TestBase:Navigating to browser : http://demowebshop.tricentis.com/
 2020-06-11 06:33:17-main--INFO -com.demoworkshop.qa.TestBase:Navigating to browser : http://demowebshop.tricentis.com/
 2020-06-12 16:43:00-main--INFO -com.demoworkshop.qa.TestBase:Navigating to browser : http://demowebshop.tricentis.com/
 2020-06-12 16:45:58-main--INFO -com.demoworkshop.qa.TestBase:Navigating to browser : http://demowebshop.tricentis.com/
 2020-06-12 16:49:29-main--INFO -com.demoworkshop.qa.TestBase:Navigating to browser : http://demowebshop.tricentis.com/
 2020-06-12 16:49:33-main--INFO -com.demoworkshop.qa.TestBase:Cliking on Digital Downloads Page Link
 2020-06-12 16:49:34-main--INFO -com.demoworkshop.qa.TestBase:Verifying the Digital Downloads Page is displayed
 2020-06-12 16:49:35-main--INFO -com.demoworkshop.qa.TestBase:Digital Downloads Page is not displayed with expected :Digital downloads is not matched with Actual value : null
 2020-06-12 16:49:35-main--INFO -com.demoworkshop.qa.TestBase:Selecting product position by it index value  
 2020-06-12 16:49:36-main--INFO -com.demoworkshop.qa.TestBase:Selecting display size of product
 2020-06-12 16:49:36-main--INFO -com.demoworkshop.qa.TestBase:Selecting view of products 
 2020-06-12 16:49:37-main--INFO -com.demoworkshop.qa.TestBase:Selecting 3rd Album  
 2020-06-12 16:49:38-main--INFO -com.demoworkshop.qa.TestBase:Adding Quantity of Computing and Internet Book 
 2020-06-12 16:49:39-main--INFO -com.demoworkshop.qa.TestBase:Navigating back to Digital Downloads page 
 2020-06-12 16:49:39-main--INFO -com.demoworkshop.qa.TestBase:Selecting Music2_1st_Release  
 2020-06-12 16:49:40-main--INFO -com.demoworkshop.qa.TestBase:Adding Quantity of Music2_1st_Release 
 2020-06-12 16:49:41-main--INFO -com.demoworkshop.qa.TestBase:Navigating back to Digital Downloads page 
 2020-06-12 16:49:41-main--INFO -com.demoworkshop.qa.TestBase:Selecting Music2_1st_Release  
 2020-06-12 16:49:42-main--INFO -com.demoworkshop.qa.TestBase:Adding Quantity of Music2_1st_Release 
 2020-06-12 16:55:25-main--INFO -com.demoworkshop.qa.TestBase:Navigating to browser : http://demowebshop.tricentis.com/
 2020-06-12 16:55:28-main--INFO -com.demoworkshop.qa.TestBase:Cliking on Electronics Link
 2020-06-12 16:55:29-main--INFO -com.demoworkshop.qa.TestBase:Verifying the Electronics page is displayed
 2020-06-12 16:55:30-main--INFO -com.demoworkshop.qa.TestBase:Electronics page is displayed with expected :Electronics is matched with Actual value : Electronics
 2020-06-12 16:55:30-main--INFO -com.demoworkshop.qa.TestBase:Cliking on Camera and Photos Link in Electronics
 2020-06-12 16:55:30-main--INFO -com.demoworkshop.qa.TestBase:Verifying the Camera and Photos page is displayed
 2020-06-12 16:55:31-main--INFO -com.demoworkshop.qa.TestBase:Camera Phone page is displayed with expected :Camera, photo is matched with Actual value : Camera, photo
 2020-06-12 16:55:31-main--INFO -com.demoworkshop.qa.TestBase:Selecting product position by it index value  
 2020-06-12 16:55:31-main--INFO -com.demoworkshop.qa.TestBase:Selecting display size of product
 2020-06-12 16:55:32-main--INFO -com.demoworkshop.qa.TestBase:Selecting view of products 
 2020-06-12 16:55:33-main--INFO -com.demoworkshop.qa.TestBase:Clicking on Camera and Photos Link in Electronics
 2020-06-12 16:55:33-main--INFO -com.demoworkshop.qa.TestBase:Clicking on Camera and Photos Link in Electronics
 2020-06-12 16:55:33-main--INFO -com.demoworkshop.qa.TestBase:Clicking on Camera and Photos Link in Electronics
 2020-06-12 16:55:34-main--INFO -com.demoworkshop.qa.TestBase:Clicking on Camera and Photos Link in Electronics
 2020-06-12 16:55:34-main--INFO -com.demoworkshop.qa.TestBase:Navigating back to Cell phones page 
 2020-06-12 16:55:34-main--INFO -com.demoworkshop.qa.TestBase:Clicking on Cell Phone Img in Electronics
 2020-06-12 16:55:34-main--INFO -com.demoworkshop.qa.TestBase:Verifying the Camera and Photos page is displayed
 2020-06-12 17:04:50-main--INFO -com.demoworkshop.qa.TestBase:Navigating to browser : http://demowebshop.tricentis.com/
 2020-06-12 17:04:53-main--INFO -com.demoworkshop.qa.TestBase:Cliking on Electronics Link
 2020-06-12 17:04:54-main--INFO -com.demoworkshop.qa.TestBase:Verifying the Electronics page is displayed
 2020-06-12 17:04:55-main--INFO -com.demoworkshop.qa.TestBase:Electronics page is displayed with expected :Electronics is matched with Actual value : Electronics
 2020-06-12 17:04:55-main--INFO -com.demoworkshop.qa.TestBase:Cliking on Camera and Photos Link in Electronics
 2020-06-12 17:04:55-main--INFO -com.demoworkshop.qa.TestBase:Verifying the Camera and Photos page is displayed
 2020-06-12 17:04:56-main--INFO -com.demoworkshop.qa.TestBase:Camera Phone page is displayed with expected :Camera, photo is matched with Actual value : Camera, photo
 2020-06-12 17:04:56-main--INFO -com.demoworkshop.qa.TestBase:Selecting product position by it index value  
 2020-06-12 17:04:56-main--INFO -com.demoworkshop.qa.TestBase:Selecting display size of product
 2020-06-12 17:04:57-main--INFO -com.demoworkshop.qa.TestBase:Selecting view of products 
 2020-06-12 17:04:58-main--INFO -com.demoworkshop.qa.TestBase:Clicking on Camera and Photos Link in Electronics
 2020-06-12 17:04:58-main--INFO -com.demoworkshop.qa.TestBase:Clicking on Camera and Photos Link in Electronics
 2020-06-12 17:04:58-main--INFO -com.demoworkshop.qa.TestBase:Clicking on Camera and Photos Link in Electronics
 2020-06-12 17:04:58-main--INFO -com.demoworkshop.qa.TestBase:Clicking on Camera and Photos Link in Electronics
 2020-06-12 17:04:59-main--INFO -com.demoworkshop.qa.TestBase:Navigating back to Cell phones page 
 2020-06-12 17:04:59-main--INFO -com.demoworkshop.qa.TestBase:Clicking on Cell Phone Img in Electronics
 2020-06-12 17:08:01-main--INFO -com.demoworkshop.qa.TestBase:Navigating to browser : http://demowebshop.tricentis.com/
 2020-06-12 17:08:05-main--INFO -com.demoworkshop.qa.TestBase:Cliking on Electronics Link
 2020-06-12 17:08:06-main--INFO -com.demoworkshop.qa.TestBase:Verifying the Electronics page is displayed
 2020-06-12 17:08:07-main--INFO -com.demoworkshop.qa.TestBase:Electronics page is displayed with expected :Electronics is matched with Actual value : Electronics
 2020-06-12 17:08:07-main--INFO -com.demoworkshop.qa.TestBase:Cliking on Camera and Photos Link in Electronics
 2020-06-12 17:08:07-main--INFO -com.demoworkshop.qa.TestBase:Verifying the Camera and Photos page is displayed
 2020-06-12 17:08:08-main--INFO -com.demoworkshop.qa.TestBase:Camera Phone page is displayed with expected :Camera, photo is matched with Actual value : Camera, photo
 2020-06-12 17:08:08-main--INFO -com.demoworkshop.qa.TestBase:Selecting product position by it index value  
 2020-06-12 17:08:08-main--INFO -com.demoworkshop.qa.TestBase:Selecting display size of product
 2020-06-12 17:08:09-main--INFO -com.demoworkshop.qa.TestBase:Selecting view of products 
 2020-06-12 17:08:10-main--INFO -com.demoworkshop.qa.TestBase:Clicking on Camera and Photos Link in Electronics
 2020-06-12 17:08:10-main--INFO -com.demoworkshop.qa.TestBase:Clicking on Camera and Photos Link in Electronics
 2020-06-12 17:08:11-main--INFO -com.demoworkshop.qa.TestBase:Clicking on Camera and Photos Link in Electronics
 2020-06-12 17:08:11-main--INFO -com.demoworkshop.qa.TestBase:Clicking on Camera and Photos Link in Electronics
 2020-06-12 17:08:11-main--INFO -com.demoworkshop.qa.TestBase:Navigating back to Cell phones page 
 2020-06-12 17:08:11-main--INFO -com.demoworkshop.qa.TestBase:Clicking on Cell Phone Img in Electronics
 2020-06-12 17:13:36-main--INFO -com.demoworkshop.qa.TestBase:Navigating to browser : http://demowebshop.tricentis.com/
 2020-06-12 17:13:39-main--INFO -com.demoworkshop.qa.TestBase:Cliking on Electronics Link
 2020-06-12 17:13:40-main--INFO -com.demoworkshop.qa.TestBase:Verifying the Electronics page is displayed
 2020-06-12 17:13:41-main--INFO -com.demoworkshop.qa.TestBase:Electronics page is displayed with expected :Electronics is matched with Actual value : Electronics
 2020-06-12 17:13:41-main--INFO -com.demoworkshop.qa.TestBase:Cliking on Camera and Photos Link in Electronics
 2020-06-12 17:13:41-main--INFO -com.demoworkshop.qa.TestBase:Verifying the Camera and Photos page is displayed
 2020-06-12 17:13:42-main--INFO -com.demoworkshop.qa.TestBase:Camera Phone page is displayed with expected :Camera, photo is matched with Actual value : Camera, photo
 2020-06-12 17:13:42-main--INFO -com.demoworkshop.qa.TestBase:Selecting product position by it index value  
 2020-06-12 17:13:42-main--INFO -com.demoworkshop.qa.TestBase:Selecting display size of product
 2020-06-12 17:13:43-main--INFO -com.demoworkshop.qa.TestBase:Selecting view of products 
 2020-06-12 17:13:44-main--INFO -com.demoworkshop.qa.TestBase:Clicking on Camera and Photos Link in Electronics
 2020-06-12 17:13:44-main--INFO -com.demoworkshop.qa.TestBase:Clicking on Camera and Photos Link in Electronics
 2020-06-12 17:13:44-main--INFO -com.demoworkshop.qa.TestBase:Clicking on Camera and Photos Link in Electronics
 2020-06-12 17:13:44-main--INFO -com.demoworkshop.qa.TestBase:Clicking on Camera and Photos Link in Electronics
 2020-06-12 17:13:45-main--INFO -com.demoworkshop.qa.TestBase:Navigating back to Cell phones page 
 2020-06-12 17:13:45-main--INFO -com.demoworkshop.qa.TestBase:Clicking on Cell Phone Img in Electronics
 2020-06-12 17:15:04-main--INFO -com.demoworkshop.qa.TestBase:Navigating to browser : http://demowebshop.tricentis.com/
 2020-06-12 17:15:08-main--INFO -com.demoworkshop.qa.TestBase:Cliking on Electronics Link
 2020-06-12 17:15:09-main--INFO -com.demoworkshop.qa.TestBase:Verifying the Electronics page is displayed
 2020-06-12 17:15:09-main--INFO -com.demoworkshop.qa.TestBase:Electronics page is displayed with expected :Electronics is matched with Actual value : Electronics
 2020-06-12 17:15:09-main--INFO -com.demoworkshop.qa.TestBase:Cliking on Camera and Photos Link in Electronics
 2020-06-12 17:15:09-main--INFO -com.demoworkshop.qa.TestBase:Verifying the Camera and Photos page is displayed
 2020-06-12 17:15:10-main--INFO -com.demoworkshop.qa.TestBase:Camera Phone page is displayed with expected :Camera, photo is matched with Actual value : Camera, photo
 2020-06-12 17:15:10-main--INFO -com.demoworkshop.qa.TestBase:Selecting product position by it index value  
 2020-06-12 17:15:10-main--INFO -com.demoworkshop.qa.TestBase:Selecting display size of product
 2020-06-12 17:15:11-main--INFO -com.demoworkshop.qa.TestBase:Selecting view of products 
 2020-06-12 17:15:12-main--INFO -com.demoworkshop.qa.TestBase:Clicking on Camera and Photos Link in Electronics
 2020-06-12 17:15:12-main--INFO -com.demoworkshop.qa.TestBase:Clicking on Camera and Photos Link in Electronics
 2020-06-12 17:15:13-main--INFO -com.demoworkshop.qa.TestBase:Clicking on Camera and Photos Link in Electronics
 2020-06-12 17:15:13-main--INFO -com.demoworkshop.qa.TestBase:Clicking on Camera and Photos Link in Electronics
 2020-06-12 17:15:13-main--INFO -com.demoworkshop.qa.TestBase:Navigating back to Cell phones page 
 2020-06-12 17:15:13-main--INFO -com.demoworkshop.qa.TestBase:Clicking on Cell Phone Img in Electronics
 2020-06-12 17:17:16-main--INFO -com.demoworkshop.qa.TestBase:Navigating to browser : http://demowebshop.tricentis.com/
 2020-06-12 17:17:19-main--INFO -com.demoworkshop.qa.TestBase:Cliking on Electronics Link
 2020-06-12 17:17:20-main--INFO -com.demoworkshop.qa.TestBase:Verifying the Electronics page is displayed
 2020-06-12 17:17:21-main--INFO -com.demoworkshop.qa.TestBase:Electronics page is displayed with expected :Electronics is matched with Actual value : Electronics
 2020-06-12 17:17:21-main--INFO -com.demoworkshop.qa.TestBase:Cliking on Camera and Photos Link in Electronics
 2020-06-12 17:17:21-main--INFO -com.demoworkshop.qa.TestBase:Verifying the Camera and Photos page is displayed
 2020-06-12 17:17:21-main--INFO -com.demoworkshop.qa.TestBase:Camera Phone page is displayed with expected :Camera, photo is matched with Actual value : Camera, photo
 2020-06-12 17:17:21-main--INFO -com.demoworkshop.qa.TestBase:Selecting product position by it index value  
 2020-06-12 17:17:22-main--INFO -com.demoworkshop.qa.TestBase:Selecting display size of product
 2020-06-12 17:17:23-main--INFO -com.demoworkshop.qa.TestBase:Selecting view of products 
 2020-06-12 17:17:23-main--INFO -com.demoworkshop.qa.TestBase:Clicking on Camera and Photos Link in Electronics
 2020-06-12 17:17:24-main--INFO -com.demoworkshop.qa.TestBase:Clicking on Camera and Photos Link in Electronics
 2020-06-12 17:17:24-main--INFO -com.demoworkshop.qa.TestBase:Clicking on Camera and Photos Link in Electronics
 2020-06-12 17:17:24-main--INFO -com.demoworkshop.qa.TestBase:Clicking on Camera and Photos Link in Electronics
 2020-06-12 17:17:25-main--INFO -com.demoworkshop.qa.TestBase:Navigating back to Cell phones page 
 2020-06-12 17:17:25-main--INFO -com.demoworkshop.qa.TestBase:Clicking on Cell Phone Img in Electronics
 2020-06-12 17:19:59-main--INFO -com.demoworkshop.qa.TestBase:Navigating to browser : http://demowebshop.tricentis.com/
 2020-06-12 17:20:02-main--INFO -com.demoworkshop.qa.TestBase:Cliking on Electronics Link
 2020-06-12 17:20:03-main--INFO -com.demoworkshop.qa.TestBase:Verifying the Electronics page is displayed
 2020-06-12 17:20:04-main--INFO -com.demoworkshop.qa.TestBase:Electronics page is displayed with expected :Electronics is matched with Actual value : Electronics
 2020-06-12 17:20:04-main--INFO -com.demoworkshop.qa.TestBase:Cliking on Camera and Photos Link in Electronics
 2020-06-12 17:20:04-main--INFO -com.demoworkshop.qa.TestBase:Verifying the Camera and Photos page is displayed
 2020-06-12 17:20:04-main--INFO -com.demoworkshop.qa.TestBase:Camera Phone page is displayed with expected :Camera, photo is matched with Actual value : Camera, photo
 2020-06-12 17:20:04-main--INFO -com.demoworkshop.qa.TestBase:Selecting product position by it index value  
 2020-06-12 17:20:05-main--INFO -com.demoworkshop.qa.TestBase:Selecting display size of product
 2020-06-12 17:20:05-main--INFO -com.demoworkshop.qa.TestBase:Selecting view of products 
 2020-06-12 17:20:06-main--INFO -com.demoworkshop.qa.TestBase:Clicking on Camera and Photos Link in Electronics
 2020-06-12 17:20:07-main--INFO -com.demoworkshop.qa.TestBase:Clicking on Camera and Photos Link in Electronics
 2020-06-12 17:20:07-main--INFO -com.demoworkshop.qa.TestBase:Clicking on Camera and Photos Link in Electronics
 2020-06-12 17:20:07-main--INFO -com.demoworkshop.qa.TestBase:Clicking on Camera and Photos Link in Electronics
 2020-06-12 17:20:07-main--INFO -com.demoworkshop.qa.TestBase:Navigating back to Cell phones page 
 2020-06-12 17:20:07-main--INFO -com.demoworkshop.qa.TestBase:Cliking on Electronics Link
 2020-06-12 17:20:07-main--INFO -com.demoworkshop.qa.TestBase:Clicking on Cell Phone Img in Electronics
 2020-06-12 17:20:08-main--INFO -com.demoworkshop.qa.TestBase:Verifying the Camera and Photos page is displayed
 2020-06-12 17:20:09-main--INFO -com.demoworkshop.qa.TestBase:Cell Phone page is displayed with expected :Cell phones is matched with Actual value : Cell phones
 2020-06-12 17:20:09-main--INFO -com.demoworkshop.qa.TestBase:Selecting product position by it index value  
 2020-06-12 17:20:09-main--INFO -com.demoworkshop.qa.TestBase:Selecting display size of product
 2020-06-12 17:20:10-main--INFO -com.demoworkshop.qa.TestBase:Selecting view of products 
 2020-06-12 17:20:11-main--INFO -com.demoworkshop.qa.TestBase:Selecting Smart phone 
 2020-06-12 17:20:11-main--INFO -com.demoworkshop.qa.TestBase:Selecting product manufacturer by Index  
 2020-06-12 17:20:13-main--INFO -com.demoworkshop.qa.TestBase:Selecting product color by Index
 2020-06-12 17:20:13-main--INFO -com.demoworkshop.qa.TestBase:Adding Quantity of Phone Cover
 2020-06-12 17:20:14-main--INFO -com.demoworkshop.qa.TestBase:Navigating back to Cell phones page 
 2020-06-12 17:20:14-main--INFO -com.demoworkshop.qa.TestBase:Selecting Smart phone page 
 2020-06-12 17:22:32-main--INFO -com.demoworkshop.qa.TestBase:Navigating to browser : http://demowebshop.tricentis.com/
 2020-06-12 17:22:36-main--INFO -com.demoworkshop.qa.TestBase:Cliking on Electronics Link
 2020-06-12 17:22:37-main--INFO -com.demoworkshop.qa.TestBase:Verifying the Electronics page is displayed
 2020-06-12 17:22:37-main--INFO -com.demoworkshop.qa.TestBase:Electronics page is displayed with expected :Electronics is matched with Actual value : Electronics
 2020-06-12 17:22:37-main--INFO -com.demoworkshop.qa.TestBase:Cliking on Camera and Photos Link in Electronics
 2020-06-12 17:22:37-main--INFO -com.demoworkshop.qa.TestBase:Verifying the Camera and Photos page is displayed
 2020-06-12 17:22:38-main--INFO -com.demoworkshop.qa.TestBase:Camera Phone page is displayed with expected :Camera, photo is matched with Actual value : Camera, photo
 2020-06-12 17:22:38-main--INFO -com.demoworkshop.qa.TestBase:Selecting product position by it index value  
 2020-06-12 17:22:38-main--INFO -com.demoworkshop.qa.TestBase:Selecting display size of product
 2020-06-12 17:22:39-main--INFO -com.demoworkshop.qa.TestBase:Selecting view of products 
 2020-06-12 17:22:40-main--INFO -com.demoworkshop.qa.TestBase:Clicking on Camera and Photos Link in Electronics
 2020-06-12 17:22:41-main--INFO -com.demoworkshop.qa.TestBase:Clicking on Camera and Photos Link in Electronics
 2020-06-12 17:22:41-main--INFO -com.demoworkshop.qa.TestBase:Clicking on Camera and Photos Link in Electronics
 2020-06-12 17:22:41-main--INFO -com.demoworkshop.qa.TestBase:Clicking on Camera and Photos Link in Electronics
 2020-06-12 17:22:41-main--INFO -com.demoworkshop.qa.TestBase:Navigating back to Cell phones page 
 2020-06-12 17:22:41-main--INFO -com.demoworkshop.qa.TestBase:Cliking on Electronics Link
 2020-06-12 17:22:41-main--INFO -com.demoworkshop.qa.TestBase:Clicking on Cell Phone Img in Electronics
 2020-06-12 17:22:42-main--INFO -com.demoworkshop.qa.TestBase:Verifying the Camera and Photos page is displayed
 2020-06-12 17:22:43-main--INFO -com.demoworkshop.qa.TestBase:Cell Phone page is displayed with expected :Cell phones is matched with Actual value : Cell phones
 2020-06-12 17:22:43-main--INFO -com.demoworkshop.qa.TestBase:Selecting product position by it index value  
 2020-06-12 17:22:43-main--INFO -com.demoworkshop.qa.TestBase:Selecting display size of product
 2020-06-12 17:22:44-main--INFO -com.demoworkshop.qa.TestBase:Selecting view of products 
 2020-06-12 17:22:44-main--INFO -com.demoworkshop.qa.TestBase:Selecting Smart phone 
 2020-06-12 17:23:41-main--INFO -com.demoworkshop.qa.TestBase:Navigating to browser : http://demowebshop.tricentis.com/
 2020-06-12 17:23:44-main--INFO -com.demoworkshop.qa.TestBase:Cliking on Electronics Link
 2020-06-12 17:23:45-main--INFO -com.demoworkshop.qa.TestBase:Verifying the Electronics page is displayed
 2020-06-12 17:23:46-main--INFO -com.demoworkshop.qa.TestBase:Electronics page is displayed with expected :Electronics is matched with Actual value : Electronics
 2020-06-12 17:23:46-main--INFO -com.demoworkshop.qa.TestBase:Cliking on Camera and Photos Link in Electronics
 2020-06-12 17:23:46-main--INFO -com.demoworkshop.qa.TestBase:Verifying the Camera and Photos page is displayed
 2020-06-12 17:23:46-main--INFO -com.demoworkshop.qa.TestBase:Camera Phone page is displayed with expected :Camera, photo is matched with Actual value : Camera, photo
 2020-06-12 17:23:46-main--INFO -com.demoworkshop.qa.TestBase:Selecting product position by it index value  
 2020-06-12 17:23:46-main--INFO -com.demoworkshop.qa.TestBase:Selecting display size of product
 2020-06-12 17:23:47-main--INFO -com.demoworkshop.qa.TestBase:Selecting view of products 
 2020-06-12 17:23:48-main--INFO -com.demoworkshop.qa.TestBase:Clicking on Camera and Photos Link in Electronics
 2020-06-12 17:23:49-main--INFO -com.demoworkshop.qa.TestBase:Clicking on Camera and Photos Link in Electronics
 2020-06-12 17:23:49-main--INFO -com.demoworkshop.qa.TestBase:Clicking on Camera and Photos Link in Electronics
 2020-06-12 17:23:49-main--INFO -com.demoworkshop.qa.TestBase:Clicking on Camera and Photos Link in Electronics
 2020-06-12 17:23:49-main--INFO -com.demoworkshop.qa.TestBase:Navigating back to Cell phones page 
 2020-06-12 17:23:49-main--INFO -com.demoworkshop.qa.TestBase:Cliking on Electronics Link
 2020-06-12 17:23:49-main--INFO -com.demoworkshop.qa.TestBase:Clicking on Cell Phone Img in Electronics
 2020-06-12 17:23:50-main--INFO -com.demoworkshop.qa.TestBase:Verifying the Camera and Photos page is displayed
 2020-06-12 17:23:51-main--INFO -com.demoworkshop.qa.TestBase:Cell Phone page is displayed with expected :Cell phones is matched with Actual value : Cell phones
 2020-06-12 17:23:51-main--INFO -com.demoworkshop.qa.TestBase:Selecting product position by it index value  
 2020-06-12 17:23:51-main--INFO -com.demoworkshop.qa.TestBase:Selecting display size of product
 2020-06-12 17:23:52-main--INFO -com.demoworkshop.qa.TestBase:Selecting view of products 
 2020-06-12 17:23:52-main--INFO -com.demoworkshop.qa.TestBase:Selecting Smart phone 
 2020-06-12 17:29:29-main--INFO -com.demoworkshop.qa.TestBase:Navigating to browser : http://demowebshop.tricentis.com/
 2020-06-12 17:29:33-main--INFO -com.demoworkshop.qa.TestBase:Cliking on Electronics Link
 2020-06-12 17:29:34-main--INFO -com.demoworkshop.qa.TestBase:Verifying the Electronics page is displayed
 2020-06-12 17:29:34-main--INFO -com.demoworkshop.qa.TestBase:Electronics page is displayed with expected :Electronics is matched with Actual value : Electronics
 2020-06-12 17:29:34-main--INFO -com.demoworkshop.qa.TestBase:Cliking on Camera and Photos Link in Electronics
 2020-06-12 17:29:35-main--INFO -com.demoworkshop.qa.TestBase:Verifying the Camera and Photos page is displayed
 2020-06-12 17:29:35-main--INFO -com.demoworkshop.qa.TestBase:Camera Phone page is displayed with expected :Camera, photo is matched with Actual value : Camera, photo
 2020-06-12 17:29:35-main--INFO -com.demoworkshop.qa.TestBase:Selecting product position by it index value  
 2020-06-12 17:29:35-main--INFO -com.demoworkshop.qa.TestBase:Selecting display size of product
 2020-06-12 17:29:36-main--INFO -com.demoworkshop.qa.TestBase:Selecting view of products 
 2020-06-12 17:29:37-main--INFO -com.demoworkshop.qa.TestBase:Clicking on Camera and Photos Link in Electronics
 2020-06-12 17:29:38-main--INFO -com.demoworkshop.qa.TestBase:Clicking on Camera and Photos Link in Electronics
 2020-06-12 17:29:38-main--INFO -com.demoworkshop.qa.TestBase:Clicking on Camera and Photos Link in Electronics
 2020-06-12 17:29:38-main--INFO -com.demoworkshop.qa.TestBase:Clicking on Camera and Photos Link in Electronics
 2020-06-12 17:29:38-main--INFO -com.demoworkshop.qa.TestBase:Navigating back to Cell phones page 
 2020-06-12 17:29:38-main--INFO -com.demoworkshop.qa.TestBase:Cliking on Electronics Link
 2020-06-12 17:29:38-main--INFO -com.demoworkshop.qa.TestBase:Clicking on Cell Phone Img in Electronics
 2020-06-12 17:29:39-main--INFO -com.demoworkshop.qa.TestBase:Verifying the Camera and Photos page is displayed
 2020-06-12 17:29:40-main--INFO -com.demoworkshop.qa.TestBase:Cell Phone page is displayed with expected :Cell phones is matched with Actual value : Cell phones
 2020-06-12 17:29:40-main--INFO -com.demoworkshop.qa.TestBase:Selecting product position by it index value  
 2020-06-12 17:29:40-main--INFO -com.demoworkshop.qa.TestBase:Selecting display size of product
 2020-06-12 17:29:41-main--INFO -com.demoworkshop.qa.TestBase:Selecting view of products 
 2020-06-12 17:29:41-main--INFO -com.demoworkshop.qa.TestBase:Selecting Smart phone 
 2020-06-12 17:31:34-main--INFO -com.demoworkshop.qa.TestBase:Navigating to browser : http://demowebshop.tricentis.com/
 2020-06-12 17:31:37-main--INFO -com.demoworkshop.qa.TestBase:Cliking on Electronics Link
 2020-06-12 17:31:38-main--INFO -com.demoworkshop.qa.TestBase:Verifying the Electronics page is displayed
 2020-06-12 17:31:39-main--INFO -com.demoworkshop.qa.TestBase:Electronics page is displayed with expected :Electronics is matched with Actual value : Electronics
 2020-06-12 17:31:39-main--INFO -com.demoworkshop.qa.TestBase:Cliking on Camera and Photos Link in Electronics
 2020-06-12 17:31:39-main--INFO -com.demoworkshop.qa.TestBase:Verifying the Camera and Photos page is displayed
 2020-06-12 17:31:40-main--INFO -com.demoworkshop.qa.TestBase:Camera Phone page is displayed with expected :Camera, photo is matched with Actual value : Camera, photo
 2020-06-12 17:31:40-main--INFO -com.demoworkshop.qa.TestBase:Selecting product position by it index value  
 2020-06-12 17:31:40-main--INFO -com.demoworkshop.qa.TestBase:Selecting display size of product
 2020-06-12 17:31:41-main--INFO -com.demoworkshop.qa.TestBase:Selecting view of products 
 2020-06-12 17:31:42-main--INFO -com.demoworkshop.qa.TestBase:Clicking on Camera and Photos Link in Electronics
 2020-06-12 17:31:42-main--INFO -com.demoworkshop.qa.TestBase:Clicking on Camera and Photos Link in Electronics
 2020-06-12 17:31:42-main--INFO -com.demoworkshop.qa.TestBase:Clicking on Camera and Photos Link in Electronics
 2020-06-12 17:31:42-main--INFO -com.demoworkshop.qa.TestBase:Clicking on Camera and Photos Link in Electronics
 2020-06-12 17:31:43-main--INFO -com.demoworkshop.qa.TestBase:Navigating back to Cell phones page 
 2020-06-12 17:31:43-main--INFO -com.demoworkshop.qa.TestBase:Cliking on Electronics Link
 2020-06-12 17:31:43-main--INFO -com.demoworkshop.qa.TestBase:Clicking on Cell Phone Img in Electronics
 2020-06-12 17:31:44-main--INFO -com.demoworkshop.qa.TestBase:Verifying the Camera and Photos page is displayed
 2020-06-12 17:31:44-main--INFO -com.demoworkshop.qa.TestBase:Cell Phone page is displayed with expected :Cell phones is matched with Actual value : Cell phones
 2020-06-12 17:31:44-main--INFO -com.demoworkshop.qa.TestBase:Selecting product position by it index value  
 2020-06-12 17:31:44-main--INFO -com.demoworkshop.qa.TestBase:Selecting display size of product
 2020-06-12 17:31:45-main--INFO -com.demoworkshop.qa.TestBase:Selecting view of products 
 2020-06-12 17:31:46-main--INFO -com.demoworkshop.qa.TestBase:Selecting Smart phone 
 2020-06-12 17:31:47-main--INFO -com.demoworkshop.qa.TestBase:Selecting product manufacturer by Index  
 2020-06-12 17:31:48-main--INFO -com.demoworkshop.qa.TestBase:Selecting product color by Index
 2020-06-12 17:31:49-main--INFO -com.demoworkshop.qa.TestBase:Adding Quantity of Phone Cover
 2020-06-12 17:31:49-main--INFO -com.demoworkshop.qa.TestBase:Navigating back to Cell phones page 
 2020-06-12 17:31:49-main--INFO -com.demoworkshop.qa.TestBase:Selecting Smart phone page 
 2020-06-12 17:32:03-main--INFO -com.demoworkshop.qa.TestBase:Navigating to browser : http://demowebshop.tricentis.com/
 2020-06-12 17:32:06-main--INFO -com.demoworkshop.qa.TestBase:Cliking on Electronics Link
 2020-06-12 17:32:07-main--INFO -com.demoworkshop.qa.TestBase:Verifying the Electronics page is displayed
 2020-06-12 17:32:07-main--INFO -com.demoworkshop.qa.TestBase:Electronics page is displayed with expected :Electronics is matched with Actual value : Electronics
 2020-06-12 17:32:07-main--INFO -com.demoworkshop.qa.TestBase:Cliking on Camera and Photos Link in Electronics
 2020-06-12 17:32:08-main--INFO -com.demoworkshop.qa.TestBase:Verifying the Camera and Photos page is displayed
 2020-06-12 17:32:08-main--INFO -com.demoworkshop.qa.TestBase:Camera Phone page is displayed with expected :Camera, photo is matched with Actual value : Camera, photo
 2020-06-12 17:32:08-main--INFO -com.demoworkshop.qa.TestBase:Selecting product position by it index value  
 2020-06-12 17:32:09-main--INFO -com.demoworkshop.qa.TestBase:Selecting display size of product
 2020-06-12 17:32:09-main--INFO -com.demoworkshop.qa.TestBase:Selecting view of products 
 2020-06-12 17:32:10-main--INFO -com.demoworkshop.qa.TestBase:Clicking on Camera and Photos Link in Electronics
 2020-06-12 17:32:11-main--INFO -com.demoworkshop.qa.TestBase:Clicking on Camera and Photos Link in Electronics
 2020-06-12 17:32:11-main--INFO -com.demoworkshop.qa.TestBase:Clicking on Camera and Photos Link in Electronics
 2020-06-12 17:32:11-main--INFO -com.demoworkshop.qa.TestBase:Clicking on Camera and Photos Link in Electronics
 2020-06-12 17:32:11-main--INFO -com.demoworkshop.qa.TestBase:Navigating back to Cell phones page 
 2020-06-12 17:32:11-main--INFO -com.demoworkshop.qa.TestBase:Cliking on Electronics Link
 2020-06-12 17:32:11-main--INFO -com.demoworkshop.qa.TestBase:Clicking on Cell Phone Img in Electronics
 2020-06-12 17:32:12-main--INFO -com.demoworkshop.qa.TestBase:Verifying the Camera and Photos page is displayed
 2020-06-12 17:32:13-main--INFO -com.demoworkshop.qa.TestBase:Cell Phone page is displayed with expected :Cell phones is matched with Actual value : Cell phones
 2020-06-12 17:32:13-main--INFO -com.demoworkshop.qa.TestBase:Selecting product position by it index value  
 2020-06-12 17:32:13-main--INFO -com.demoworkshop.qa.TestBase:Selecting display size of product
 2020-06-12 17:32:14-main--INFO -com.demoworkshop.qa.TestBase:Selecting view of products 
 2020-06-12 17:32:14-main--INFO -com.demoworkshop.qa.TestBase:Selecting Smart phone 
 2020-06-12 17:32:15-main--INFO -com.demoworkshop.qa.TestBase:Selecting product manufacturer by Index  
 2020-06-12 17:32:16-main--INFO -com.demoworkshop.qa.TestBase:Selecting product color by Index
 2020-06-12 17:32:17-main--INFO -com.demoworkshop.qa.TestBase:Adding Quantity of Phone Cover
 2020-06-12 17:32:17-main--INFO -com.demoworkshop.qa.TestBase:Navigating back to Cell phones page 
 2020-06-12 17:32:17-main--INFO -com.demoworkshop.qa.TestBase:Selecting Smart phone page 
 2020-06-12 17:34:29-main--INFO -com.demoworkshop.qa.TestBase:Navigating to browser : http://demowebshop.tricentis.com/
 2020-06-12 17:34:32-main--INFO -com.demoworkshop.qa.TestBase:Cliking on Electronics Link
 2020-06-12 17:34:33-main--INFO -com.demoworkshop.qa.TestBase:Verifying the Electronics page is displayed
 2020-06-12 17:34:34-main--INFO -com.demoworkshop.qa.TestBase:Electronics page is displayed with expected :Electronics is matched with Actual value : Electronics
 2020-06-12 17:34:34-main--INFO -com.demoworkshop.qa.TestBase:Cliking on Camera and Photos Link in Electronics
 2020-06-12 17:34:34-main--INFO -com.demoworkshop.qa.TestBase:Verifying the Camera and Photos page is displayed
 2020-06-12 17:34:35-main--INFO -com.demoworkshop.qa.TestBase:Camera Phone page is displayed with expected :Camera, photo is matched with Actual value : Camera, photo
 2020-06-12 17:34:35-main--INFO -com.demoworkshop.qa.TestBase:Selecting product position by it index value  
 2020-06-12 17:34:35-main--INFO -com.demoworkshop.qa.TestBase:Selecting display size of product
 2020-06-12 17:34:36-main--INFO -com.demoworkshop.qa.TestBase:Selecting view of products 
 2020-06-12 17:34:37-main--INFO -com.demoworkshop.qa.TestBase:Clicking on Camera and Photos Link in Electronics
 2020-06-12 17:34:38-main--INFO -com.demoworkshop.qa.TestBase:Clicking on Camera and Photos Link in Electronics
 2020-06-12 17:34:38-main--INFO -com.demoworkshop.qa.TestBase:Clicking on Camera and Photos Link in Electronics
 2020-06-12 17:34:38-main--INFO -com.demoworkshop.qa.TestBase:Clicking on Camera and Photos Link in Electronics
 2020-06-12 17:34:38-main--INFO -com.demoworkshop.qa.TestBase:Navigating back to Cell phones page 
 2020-06-12 17:34:38-main--INFO -com.demoworkshop.qa.TestBase:Cliking on Electronics Link
 2020-06-12 17:34:38-main--INFO -com.demoworkshop.qa.TestBase:Clicking on Cell Phone Img in Electronics
 2020-06-12 17:34:39-main--INFO -com.demoworkshop.qa.TestBase:Verifying the Camera and Photos page is displayed
 2020-06-12 17:34:39-main--INFO -com.demoworkshop.qa.TestBase:Cell Phone page is displayed with expected :Cell phones is matched with Actual value : Cell phones
 2020-06-12 17:34:39-main--INFO -com.demoworkshop.qa.TestBase:Selecting product position by it index value  
 2020-06-12 17:34:40-main--INFO -com.demoworkshop.qa.TestBase:Selecting display size of product
 2020-06-12 17:34:40-main--INFO -com.demoworkshop.qa.TestBase:Selecting view of products 
 2020-06-12 17:34:41-main--INFO -com.demoworkshop.qa.TestBase:Selecting Smart phone 
 2020-06-12 17:34:42-main--INFO -com.demoworkshop.qa.TestBase:Selecting product manufacturer by Index  
 2020-06-12 17:34:43-main--INFO -com.demoworkshop.qa.TestBase:Selecting product color by Index
 2020-06-12 17:34:44-main--INFO -com.demoworkshop.qa.TestBase:Adding Quantity of Phone Cover
 2020-06-12 17:34:44-main--INFO -com.demoworkshop.qa.TestBase:Navigating back to Cell phones page 
 2020-06-12 17:34:44-main--INFO -com.demoworkshop.qa.TestBase:Selecting Smart phone page 
 2020-06-12 17:35:27-main--INFO -com.demoworkshop.qa.TestBase:Navigating to browser : http://demowebshop.tricentis.com/
 2020-06-12 17:35:30-main--INFO -com.demoworkshop.qa.TestBase:Cliking on Electronics Link
 2020-06-12 17:35:31-main--INFO -com.demoworkshop.qa.TestBase:Verifying the Electronics page is displayed
 2020-06-12 17:35:32-main--INFO -com.demoworkshop.qa.TestBase:Electronics page is displayed with expected :Electronics is matched with Actual value : Electronics
 2020-06-12 17:35:32-main--INFO -com.demoworkshop.qa.TestBase:Cliking on Camera and Photos Link in Electronics
 2020-06-12 17:35:32-main--INFO -com.demoworkshop.qa.TestBase:Verifying the Camera and Photos page is displayed
 2020-06-12 17:35:33-main--INFO -com.demoworkshop.qa.TestBase:Camera Phone page is displayed with expected :Camera, photo is matched with Actual value : Camera, photo
 2020-06-12 17:35:33-main--INFO -com.demoworkshop.qa.TestBase:Selecting product position by it index value  
 2020-06-12 17:35:33-main--INFO -com.demoworkshop.qa.TestBase:Selecting display size of product
 2020-06-12 17:35:34-main--INFO -com.demoworkshop.qa.TestBase:Selecting view of products 
 2020-06-12 17:35:35-main--INFO -com.demoworkshop.qa.TestBase:Clicking on Camera and Photos Link in Electronics
 2020-06-12 17:35:36-main--INFO -com.demoworkshop.qa.TestBase:Clicking on Camera and Photos Link in Electronics
 2020-06-12 17:35:36-main--INFO -com.demoworkshop.qa.TestBase:Clicking on Camera and Photos Link in Electronics
 2020-06-12 17:35:36-main--INFO -com.demoworkshop.qa.TestBase:Clicking on Camera and Photos Link in Electronics
 2020-06-12 17:35:36-main--INFO -com.demoworkshop.qa.TestBase:Navigating back to Cell phones page 
 2020-06-12 17:35:36-main--INFO -com.demoworkshop.qa.TestBase:Cliking on Electronics Link
 2020-06-12 17:35:36-main--INFO -com.demoworkshop.qa.TestBase:Clicking on Cell Phone Img in Electronics
 2020-06-12 17:35:37-main--INFO -com.demoworkshop.qa.TestBase:Verifying the Camera and Photos page is displayed
 2020-06-12 17:35:38-main--INFO -com.demoworkshop.qa.TestBase:Cell Phone page is displayed with expected :Cell phones is matched with Actual value : Cell phones
 2020-06-12 17:35:38-main--INFO -com.demoworkshop.qa.TestBase:Selecting product position by it index value  
 2020-06-12 17:35:38-main--INFO -com.demoworkshop.qa.TestBase:Selecting display size of product
 2020-06-12 17:35:39-main--INFO -com.demoworkshop.qa.TestBase:Selecting view of products 
 2020-06-12 17:35:39-main--INFO -com.demoworkshop.qa.TestBase:Selecting Smart phone 
 2020-06-12 17:35:40-main--INFO -com.demoworkshop.qa.TestBase:Selecting product manufacturer by Index  
 2020-06-12 17:35:42-main--INFO -com.demoworkshop.qa.TestBase:Selecting product color by Index
 2020-06-12 17:35:42-main--INFO -com.demoworkshop.qa.TestBase:Adding Quantity of Phone Cover
 2020-06-12 17:35:42-main--INFO -com.demoworkshop.qa.TestBase:Navigating back to Cell phones page 
 2020-06-12 17:35:42-main--INFO -com.demoworkshop.qa.TestBase:Selecting Smart phone page 
 2020-06-12 17:35:42-main--INFO -com.demoworkshop.qa.TestBase:Adding Quantity of Smart phone 
 2020-06-12 17:35:44-main--INFO -com.demoworkshop.qa.TestBase:Navigating back to Cell phones page 
 2020-06-12 17:35:44-main--INFO -com.demoworkshop.qa.TestBase:Selecting Smart phone 
 2020-06-12 17:35:44-main--INFO -com.demoworkshop.qa.TestBase:Adding Quantity of used phone 
 2020-06-12 17:42:06-main--INFO -com.demoworkshop.qa.TestBase:Navigating to browser : http://demowebshop.tricentis.com/
 2020-06-12 17:42:09-main--INFO -com.demoworkshop.qa.TestBase:Clicking on Gift Cards Link Page
 2020-06-12 17:42:10-main--INFO -com.demoworkshop.qa.TestBase:Verifying the Physical Gift Card page is displayed
 2020-06-12 17:42:11-main--INFO -com.demoworkshop.qa.TestBase: Gift Card page is displayed with expected :Gift Cards is matched with Actual value : Gift Cards
 2020-06-12 17:42:11-main--INFO -com.demoworkshop.qa.TestBase:Selecting product position by it index value  
 2020-06-12 17:42:11-main--INFO -com.demoworkshop.qa.TestBase:Selecting display size of product
 2020-06-12 17:42:12-main--INFO -com.demoworkshop.qa.TestBase:Selecting view of products 
 2020-06-12 17:42:13-main--INFO -com.demoworkshop.qa.TestBase:Selecting $100 Physical Gift Card 
 2020-06-12 17:42:13-main--INFO -com.demoworkshop.qa.TestBase:Entering Recipients Name through send keys
 2020-06-12 17:42:15-main--INFO -com.demoworkshop.qa.TestBase:Entering sender Name through send keys
 2020-06-12 17:42:15-main--INFO -com.demoworkshop.qa.TestBase:Entering message through send keys
 2020-06-12 17:42:16-main--INFO -com.demoworkshop.qa.TestBase:Adding Quantity of $100 Physical Gift Card 
 2020-06-12 17:42:16-main--INFO -com.demoworkshop.qa.TestBase:Navigating back to Book page 
 2020-06-12 17:42:16-main--INFO -com.demoworkshop.qa.TestBase:Selecting $25 Virtual Gift Card 
 2020-06-12 17:42:16-main--INFO -com.demoworkshop.qa.TestBase:Entering Recipients Name through send keys
 2020-06-12 17:42:18-main--INFO -com.demoworkshop.qa.TestBase:Entering Recipients Email ID through send keys
 2020-06-12 17:42:18-main--INFO -com.demoworkshop.qa.TestBase:Entering sender Name through send keys
 2020-06-12 17:42:18-main--INFO -com.demoworkshop.qa.TestBase:Entering Recipients Email ID through send keys
 2020-06-12 17:42:19-main--INFO -com.demoworkshop.qa.TestBase:Entering message through send keys
 2020-06-12 17:42:19-main--INFO -com.demoworkshop.qa.TestBase:Adding Quantity of $25 Virtual Gift Card 
 2020-06-12 17:42:19-main--INFO -com.demoworkshop.qa.TestBase:Navigating back to Book page 
 2020-06-12 17:42:19-main--INFO -com.demoworkshop.qa.TestBase:Selecting $5 Virtual Gift Card 
 2020-06-12 17:42:20-main--INFO -com.demoworkshop.qa.TestBase:Entering Recipients Name through send keys
 2020-06-12 17:42:21-main--INFO -com.demoworkshop.qa.TestBase:Entering Recipients Email ID through send keys
 2020-06-12 17:42:21-main--INFO -com.demoworkshop.qa.TestBase:Entering sender Name through send keys
 2020-06-12 17:42:22-main--INFO -com.demoworkshop.qa.TestBase:Entering Recipients Email ID through send keys
 2020-06-12 17:42:22-main--INFO -com.demoworkshop.qa.TestBase:Entering message through send keys
 2020-06-12 17:42:22-main--INFO -com.demoworkshop.qa.TestBase:Adding Quantity of  $5 Virtual Gift Card 
 2020-06-12 17:42:22-main--INFO -com.demoworkshop.qa.TestBase:Navigating back to Book page 
 2020-06-12 17:42:22-main--INFO -com.demoworkshop.qa.TestBase:Selecting $50 Physical Gift Card 
 2020-06-12 17:42:23-main--INFO -com.demoworkshop.qa.TestBase:Entering Recipients Name through send keys
 2020-06-12 17:42:24-main--INFO -com.demoworkshop.qa.TestBase:Entering sender Name through send keys
 2020-06-12 17:42:24-main--INFO -com.demoworkshop.qa.TestBase:Entering message through send keys
 2020-06-12 17:42:24-main--INFO -com.demoworkshop.qa.TestBase:Adding Quantity of  $50 Physical Gift Card 
 